Arguments: 
  /usr/local/Cellar/node/8.6.0/bin/node /usr/local/Cellar/yarn/1.2.0/libexec/bin/yarn.js

PATH: 
  /Users/lamhieu/bin:/usr/local/bin:/Users/lamhieu/.npm-packages/bin:/usr/local/bin:/usr/bin:/bin:/usr/sbin:/sbin:/Users/lamhieu/bin:/Users/lamhieu/.npm-packages/bin:/Users/lamhieu/.npm-global/bin/:/Users/lamhieu/.npm-global/bin/

Yarn version: 
  1.2.0

Node version: 
  8.6.0

Platform: 
  darwin x64

npm manifest: 
  {
    "name": "ciser",
    "version": "1.2.3",
    "description": "Functional CSS, help quickly build and design new UI without writing css.",
    "author": {
      "name": "Lam Hieu",
      "email": "lamhieu.vk@gmail.com",
      "url": "https://lamhi.eu"
    },
    "style": "build/ciser.min.css",
    "main": "build/ciser.css",
    "files": [
      "build",
      "src"
    ],
    "bugs": {
      "url": "https://github.com/lamhieu-vk/ciser/issues",
      "email": "lamhieu.vk@gmail.com"
    },
    "repository": "lamhieu-vk/ciser",
    "keywords": [
      "css",
      "oocss",
      "postcss",
      "functional css",
      "tachyons",
      "ciser",
      "design",
      "responsive",
      "performance"
    ],
    "license": "MIT",
    "devDependencies": {
      "copy-files": "^0.1.0",
      "immutable-css-cli": "^1.1.1",
      "normalize.css": "^7.0.0",
      "tachyons-cli": "^1.0.11",
      "tachyons-modules": "^1.1.10",
      "watch": "^1.0.2"
    },
    "contributors": [
      {
        "name": "Lam Hieu",
        "email": "lamhieu.vk@gmail.com"
      }
    ],
    "scripts": {
      "start": "npm run build:watch",
      "mutations": "immutable-css src/ciser.css --strict",
      "build": "npm run build:css && npm run build:minify",
      "build:css": "tachyons src/ciser.css > build/ciser.css",
      "build:minify": "tachyons src/ciser.css -m > build/ciser.min.css",
      "build:watch": "watch \"npm run build\" ./src/"
    }
  }

yarn manifest: 
  No manifest

Lockfile: 
  No lockfile

Trace: 
  Error: EACCES: permission denied, unlink '/Users/lamhieu/Workspaces/github/ciser/node_modules/.bin/browserslist'
